<?xml version="1.0" encoding="utf-8"?>
<!DOCTYPE hibernate-configuration PUBLIC
	"-//Hibernate/Hibernate Configuration DTD 3.0//EN"
	"http://hibernate.sourceforge.net/hibernate-configuration-3.0.dtd">

<hibernate-configuration>
	<session-factory>
        <mapping resource="MOHFacility.hbm.xml"/>
        <mapping resource="QueuedReport.hbm.xml"/>
        <mapping resource="HIVCareEnrollment.hbm.xml"/>
        <mapping resource="UserFacility.hbm.xml"/>

        <!-- from Drug History Module -->
        <mapping resource="DrugEvent.hbm.xml"/>
        <mapping resource="DrugSnapshot.hbm.xml"/>
        <mapping resource="Regimen.hbm.xml"/>
	</session-factory>
</hibernate-configuration>
